<?xml version="1.0" encoding="UTF-8"?>
<testsuite name="SpaceInvaderTest" tests="3" skipped="0" failures="0" errors="0" timestamp="2023-09-08T11:56:46" hostname="DESKTOP-DMFMU2P" time="6.375">
  <properties/>
  <testcase name="testSpaceInvaderOriginal" classname="SpaceInvaderTest" time="2.316"/>
  <testcase name="testSpaceInvaderPowerfulAlien" classname="SpaceInvaderTest" time="2.04"/>
  <testcase name="testSpaceInvaderFastMoving" classname="SpaceInvaderTest" time="2.017"/>
  <system-out><![CDATA[logResult = Alien locations: alien@0-0@Alive@75-10#alien@0-1@Alive@85-10#powerful@0-2@Alive@95-10#alien@0-3@Alive@105-10#alien@0-4@Alive@115-10#
Alien locations: alien@0-0@Alive@75-10#alien@0-1@Alive@85-10#powerful@0-2@Alive@95-10#alien@0-3@Alive@105-10#alien@0-4@Alive@115-10#
Alien locations: alien@0-0@Alive@75-10#alien@0-1@Alive@85-10#powerful@0-2@Alive@95-10#alien@0-3@Alive@105-10#alien@0-4@Alive@115-10#
Alien locations: alien@0-0@Alive@75-10#alien@0-1@Alive@85-10#powerful@0-2@Alive@95-10#alien@0-3@Alive@105-10#alien@0-4@Alive@115-10#
Alien locations: alien@0-0@Alive@75-10#alien@0-1@Alive@85-10#powerful@0-2@Alive@95-10#alien@0-3@Alive@105-10#alien@0-4@Alive@115-10#
Alien locations: alien@0-0@Alive@75-10#alien@0-1@Alive@85-10#powerful@0-2@Alive@95-10#alien@0-3@Alive@105-10#alien@0-4@Alive@115-10#
Alien locations: alien@0-0@Alive@75-10#alien@0-1@Alive@85-10#powerful@0-2@Alive@95-10#alien@0-3@Alive@105-10#alien@0-4@Alive@115-10#
Alien locations: alien@0-0@Alive@75-10#alien@0-1@Alive@85-10#powerful@0-2@Alive@95-10#alien@0-3@Alive@105-10#alien@0-4@Alive@115-10#
Alien locations: alien@0-0@Alive@75-10#alien@0-1@Alive@85-10#powerful@0-2@Alive@95-10#alien@0-3@Alive@105-10#alien@0-4@Alive@115-10#
Alien locations: alien@0-0@Alive@75-10#alien@0-1@Alive@85-10#powerful@0-2@Alive@95-10#alien@0-3@Alive@105-10#alien@0-4@Alive@115-10#
Alien locations: alien@0-0@Alive@75-10#alien@0-1@Alive@85-10#powerful@0-2@Alive@95-10#alien@0-3@Alive@105-10#alien@0-4@Alive@115-10#
Alien locations: alien@0-0@Alive@75-10#alien@0-1@Alive@85-10#powerful@0-2@Alive@95-10#alien@0-3@Alive@105-10#alien@0-4@Alive@115-10#
Alien locations: alien@0-0@Alive@75-10#alien@0-1@Alive@85-10#powerful@0-2@Alive@95-10#alien@0-3@Alive@105-10#alien@0-4@Alive@115-10#
Alien locations: alien@0-0@Alive@75-10#alien@0-1@Alive@85-10#powerful@0-2@Alive@95-10#alien@0-3@Alive@105-10#alien@0-4@Alive@115-10#
Alien locations: alien@0-0@Alive@75-10#alien@0-1@Alive@85-10#powerful@0-2@Alive@95-10#alien@0-3@Alive@105-10#alien@0-4@Alive@115-10#
Alien locations: alien@0-0@Alive@75-10#alien@0-1@Alive@85-10#powerful@0-2@Alive@95-10#alien@0-3@Alive@105-10#alien@0-4@Alive@115-10#
Alien locations: alien@0-0@Alive@75-10#alien@0-1@Alive@85-10#powerful@0-2@Alive@95-10#alien@0-3@Alive@105-10#alien@0-4@Alive@115-10#
Alien locations: alien@0-0@Alive@75-10#alien@0-1@Alive@85-10#powerful@0-2@Alive@95-10#alien@0-3@Alive@105-10#alien@0-4@Alive@115-10#
An alien has been hit.powerful@0-2
Alien locations: alien@0-0@Alive@75-10#alien@0-1@Alive@85-10#powerful@0-2@Alive@95-10#alien@0-3@Alive@105-10#alien@0-4@Alive@115-10#
An alien has been hit.powerful@0-2
Alien locations: alien@0-0@Alive@75-10#alien@0-1@Alive@85-10#powerful@0-2@Alive@95-10#alien@0-3@Alive@105-10#alien@0-4@Alive@115-10#
An alien has been hit.powerful@0-2
Alien locations: alien@0-0@Alive@75-10#alien@0-1@Alive@85-10#powerful@0-2@Alive@95-10#alien@0-3@Alive@105-10#alien@0-4@Alive@115-10#
An alien has been hit.powerful@0-2
Alien locations: alien@0-0@Alive@75-10#alien@0-1@Alive@85-10#powerful@0-2@Alive@95-10#alien@0-3@Alive@105-10#alien@0-4@Alive@115-10#
An alien has been hit.powerful@0-2
Alien locations: alien@0-0@Alive@75-10#alien@0-1@Alive@85-10#powerful@0-2@Dead@0-0#alien@0-3@Alive@105-10#alien@0-4@Alive@115-10#
Alien locations: alien@0-0@Alive@75-10#alien@0-1@Alive@85-10#powerful@0-2@Dead@0-0#alien@0-3@Alive@105-10#alien@0-4@Alive@115-10#
Alien locations: alien@0-0@Alive@75-10#alien@0-1@Alive@85-10#powerful@0-2@Dead@0-0#alien@0-3@Alive@105-10#alien@0-4@Alive@115-10#
Alien locations: alien@0-0@Alive@75-10#alien@0-1@Alive@85-10#powerful@0-2@Dead@0-0#alien@0-3@Alive@105-10#alien@0-4@Alive@115-10#
Alien locations: alien@0-0@Alive@75-10#alien@0-1@Alive@85-10#powerful@0-2@Dead@0-0#alien@0-3@Alive@105-10#alien@0-4@Alive@115-10#
Alien locations: alien@0-0@Alive@75-10#alien@0-1@Alive@85-10#powerful@0-2@Dead@0-0#alien@0-3@Alive@105-10#alien@0-4@Alive@115-10#
Alien locations: alien@0-0@Alive@75-10#alien@0-1@Alive@85-10#powerful@0-2@Dead@0-0#alien@0-3@Alive@105-10#alien@0-4@Alive@115-10#
Alien locations: alien@0-0@Alive@75-10#alien@0-1@Alive@85-10#powerful@0-2@Dead@0-0#alien@0-3@Alive@105-10#alien@0-4@Alive@115-10#
Alien locations: alien@0-0@Alive@75-10#alien@0-1@Alive@85-10#powerful@0-2@Dead@0-0#alien@0-3@Alive@105-10#alien@0-4@Alive@115-10#
Alien locations: alien@0-0@Alive@75-10#alien@0-1@Alive@85-10#powerful@0-2@Dead@0-0#alien@0-3@Alive@105-10#alien@0-4@Alive@115-10#
Alien locations: alien@0-0@Alive@75-10#alien@0-1@Alive@85-10#powerful@0-2@Dead@0-0#alien@0-3@Alive@105-10#alien@0-4@Alive@115-10#
Alien locations: alien@0-0@Alive@75-10#alien@0-1@Alive@85-10#powerful@0-2@Dead@0-0#alien@0-3@Alive@105-10#alien@0-4@Alive@115-10#
Alien locations: alien@0-0@Alive@75-10#alien@0-1@Alive@85-10#powerful@0-2@Dead@0-0#alien@0-3@Alive@105-10#alien@0-4@Alive@115-10#
Alien locations: alien@0-0@Alive@75-10#alien@0-1@Alive@85-10#powerful@0-2@Dead@0-0#alien@0-3@Alive@105-10#alien@0-4@Alive@115-10#
Alien locations: alien@0-0@Alive@75-10#alien@0-1@Alive@85-10#powerful@0-2@Dead@0-0#alien@0-3@Alive@105-10#alien@0-4@Alive@115-10#
Alien locations: alien@0-0@Alive@75-10#alien@0-1@Alive@85-10#powerful@0-2@Dead@0-0#alien@0-3@Alive@105-10#alien@0-4@Alive@115-10#
Alien locations: alien@0-0@Alive@75-10#alien@0-1@Alive@85-10#powerful@0-2@Dead@0-0#alien@0-3@Alive@105-10#alien@0-4@Alive@115-10#
Alien locations: alien@0-0@Alive@75-10#alien@0-1@Alive@85-10#powerful@0-2@Dead@0-0#alien@0-3@Alive@105-10#alien@0-4@Alive@115-10#
Alien locations: alien@0-0@Alive@75-10#alien@0-1@Alive@85-10#powerful@0-2@Dead@0-0#alien@0-3@Alive@105-10#alien@0-4@Alive@115-10#

logResult = Alien locations: alien@0-0@Alive@75-10#alien@0-1@Alive@85-10#powerful@0-2@Alive@95-10#alien@0-3@Alive@105-10#alien@0-4@Alive@115-10#
Alien locations: alien@0-0@Alive@75-10#alien@0-1@Alive@85-10#powerful@0-2@Alive@95-10#alien@0-3@Alive@105-10#alien@0-4@Alive@115-10#
Alien locations: alien@0-0@Alive@75-10#alien@0-1@Alive@85-10#powerful@0-2@Alive@95-10#alien@0-3@Alive@105-10#alien@0-4@Alive@115-10#
Alien locations: alien@0-0@Alive@75-10#alien@0-1@Alive@85-10#powerful@0-2@Alive@95-10#alien@0-3@Alive@105-10#alien@0-4@Alive@115-10#
Alien locations: alien@0-0@Alive@75-10#alien@0-1@Alive@85-10#powerful@0-2@Alive@95-10#alien@0-3@Alive@105-10#alien@0-4@Alive@115-10#
Alien locations: alien@0-0@Alive@75-10#alien@0-1@Alive@85-10#powerful@0-2@Alive@95-10#alien@0-3@Alive@105-10#alien@0-4@Alive@115-10#
Alien locations: alien@0-0@Alive@75-10#alien@0-1@Alive@85-10#powerful@0-2@Alive@95-10#alien@0-3@Alive@105-10#alien@0-4@Alive@115-10#
Alien locations: alien@0-0@Alive@75-10#alien@0-1@Alive@85-10#powerful@0-2@Alive@95-10#alien@0-3@Alive@105-10#alien@0-4@Alive@115-10#
Alien locations: alien@0-0@Alive@75-10#alien@0-1@Alive@85-10#powerful@0-2@Alive@95-10#alien@0-3@Alive@105-10#alien@0-4@Alive@115-10#
Alien locations: alien@0-0@Alive@75-10#alien@0-1@Alive@85-10#powerful@0-2@Alive@95-10#alien@0-3@Alive@105-10#alien@0-4@Alive@115-10#
Alien locations: alien@0-0@Alive@75-10#alien@0-1@Alive@85-10#powerful@0-2@Alive@95-10#alien@0-3@Alive@105-10#alien@0-4@Alive@115-10#
Alien locations: alien@0-0@Alive@75-10#alien@0-1@Alive@85-10#powerful@0-2@Alive@95-10#alien@0-3@Alive@105-10#alien@0-4@Alive@115-10#
Alien locations: alien@0-0@Alive@75-10#alien@0-1@Alive@85-10#powerful@0-2@Alive@95-10#alien@0-3@Alive@105-10#alien@0-4@Alive@115-10#
Alien locations: alien@0-0@Alive@75-10#alien@0-1@Alive@85-10#powerful@0-2@Alive@95-10#alien@0-3@Alive@105-10#alien@0-4@Alive@115-10#
Alien locations: alien@0-0@Alive@75-10#alien@0-1@Alive@85-10#powerful@0-2@Alive@95-10#alien@0-3@Alive@105-10#alien@0-4@Alive@115-10#
Alien locations: alien@0-0@Alive@75-10#alien@0-1@Alive@85-10#powerful@0-2@Alive@95-10#alien@0-3@Alive@105-10#alien@0-4@Alive@115-10#
Alien locations: alien@0-0@Alive@75-10#alien@0-1@Alive@85-10#powerful@0-2@Alive@95-10#alien@0-3@Alive@105-10#alien@0-4@Alive@115-10#
Aliens start moving fastAlien locations: alien@0-0@Alive@75-10#alien@0-1@Alive@85-10#powerful@0-2@Alive@95-10#alien@0-3@Alive@105-10#alien@0-4@Alive@115-10#
Alien locations: alien@0-0@Alive@75-10#alien@0-1@Alive@85-10#powerful@0-2@Alive@95-10#alien@0-3@Alive@105-10#alien@0-4@Alive@115-10#
Alien locations: alien@0-0@Alive@75-10#alien@0-1@Alive@85-10#powerful@0-2@Alive@95-10#alien@0-3@Alive@105-10#alien@0-4@Alive@115-10#
Alien locations: alien@0-0@Alive@75-10#alien@0-1@Alive@85-10#powerful@0-2@Alive@95-10#alien@0-3@Alive@105-10#alien@0-4@Alive@115-10#
Alien locations: alien@0-0@Alive@75-10#alien@0-1@Alive@85-10#powerful@0-2@Alive@95-10#alien@0-3@Alive@105-10#alien@0-4@Alive@115-10#
Alien locations: alien@0-0@Alive@75-10#alien@0-1@Alive@85-10#powerful@0-2@Alive@95-10#alien@0-3@Alive@105-10#alien@0-4@Alive@115-10#
Alien locations: alien@0-0@Alive@75-10#alien@0-1@Alive@85-10#powerful@0-2@Alive@95-10#alien@0-3@Alive@105-10#alien@0-4@Alive@115-10#
Alien locations: alien@0-0@Alive@75-10#alien@0-1@Alive@85-10#powerful@0-2@Alive@95-10#alien@0-3@Alive@105-10#alien@0-4@Alive@115-10#
Alien locations: alien@0-0@Alive@75-10#alien@0-1@Alive@85-10#powerful@0-2@Alive@95-10#alien@0-3@Alive@105-10#alien@0-4@Alive@115-10#
Alien locations: alien@0-0@Alive@75-10#alien@0-1@Alive@85-10#powerful@0-2@Alive@95-10#alien@0-3@Alive@105-10#alien@0-4@Alive@115-10#
Alien locations: alien@0-0@Alive@75-10#alien@0-1@Alive@85-10#powerful@0-2@Alive@95-10#alien@0-3@Alive@105-10#alien@0-4@Alive@115-10#
Alien locations: alien@0-0@Alive@85-10#alien@0-1@Alive@95-10#powerful@0-2@Alive@105-10#alien@0-3@Alive@115-10#alien@0-4@Alive@125-10#
Alien locations: alien@0-0@Alive@85-10#alien@0-1@Alive@95-10#powerful@0-2@Alive@105-10#alien@0-3@Alive@115-10#alien@0-4@Alive@125-10#
Alien locations: alien@0-0@Alive@85-10#alien@0-1@Alive@95-10#powerful@0-2@Alive@105-10#alien@0-3@Alive@115-10#alien@0-4@Alive@125-10#
Alien locations: alien@0-0@Alive@85-10#alien@0-1@Alive@95-10#powerful@0-2@Alive@105-10#alien@0-3@Alive@115-10#alien@0-4@Alive@125-10#
Alien locations: alien@0-0@Alive@85-10#alien@0-1@Alive@95-10#powerful@0-2@Alive@105-10#alien@0-3@Alive@115-10#alien@0-4@Alive@125-10#
Alien locations: alien@0-0@Alive@85-10#alien@0-1@Alive@95-10#powerful@0-2@Alive@105-10#alien@0-3@Alive@115-10#alien@0-4@Alive@125-10#
Alien locations: alien@0-0@Alive@85-10#alien@0-1@Alive@95-10#powerful@0-2@Alive@105-10#alien@0-3@Alive@115-10#alien@0-4@Alive@125-10#
Alien locations: alien@0-0@Alive@95-10#alien@0-1@Alive@105-10#powerful@0-2@Alive@115-10#alien@0-3@Alive@125-10#alien@0-4@Alive@135-10#
Alien locations: alien@0-0@Alive@95-10#alien@0-1@Alive@105-10#powerful@0-2@Alive@115-10#alien@0-3@Alive@125-10#alien@0-4@Alive@135-10#
Alien locations: alien@0-0@Alive@95-10#alien@0-1@Alive@105-10#powerful@0-2@Alive@115-10#alien@0-3@Alive@125-10#alien@0-4@Alive@135-10#
Alien locations: alien@0-0@Alive@95-10#alien@0-1@Alive@105-10#powerful@0-2@Alive@115-10#alien@0-3@Alive@125-10#alien@0-4@Alive@135-10#
Alien locations: alien@0-0@Alive@95-10#alien@0-1@Alive@105-10#powerful@0-2@Alive@115-10#alien@0-3@Alive@125-10#alien@0-4@Alive@135-10#

]]></system-out>
  <system-err><![CDATA[]]></system-err>
</testsuite>
